<?xml version="1.0" encoding="UTF-8"?>
<!-- Generated by org.testng.reporters.JUnitReportReporter -->
<testsuite hostname="sys" name="TestNGPractice.InvocationCountTest" tests="6" failures="0" timestamp="28 Mar 2019 08:34:39 GMT" time="0.020" errors="0">
  <testcase name="nnn" time="0.000" classname="TestNGPractice.InvocationCountTest"/>
  <testcase name="nnn" time="0.001" classname="TestNGPractice.InvocationCountTest"/>
  <testcase name="nnn" time="0.001" classname="TestNGPractice.InvocationCountTest"/>
  <testcase name="nnn" time="0.001" classname="TestNGPractice.InvocationCountTest"/>
  <testcase name="nnn" time="0.017" classname="TestNGPractice.InvocationCountTest"/>
  <testcase name="nnn" time="0.000" classname="TestNGPractice.InvocationCountTest"/>
</testsuite> <!-- TestNGPractice.InvocationCountTest -->
