<?xml version="1.0" encoding="UTF-8"?>
<!-- Generated by org.testng.reporters.JUnitReportReporter -->
<testsuite hostname="sys" name="TestNGPractice.ExceptionTimeOutTest" tests="1" failures="0" timestamp="28 Mar 2019 14:39:10 GMT" time="0.001" errors="0">
  <testcase name="functin" time="0.001" classname="TestNGPractice.ExceptionTimeOutTest"/>
</testsuite> <!-- TestNGPractice.ExceptionTimeOutTest -->
